Reading package lists...
Building dependency tree...
Reading state information...
E: Unable to locate package php
E: Unable to locate package libapache2-mod-php
E: Unable to locate package php-curl
E: Unable to locate package php-gd
E: Unable to locate package php-mysql
Module rewrite already enabled
 * Restarting web server apache2
apache2: Could not reliably determine the server's fully qualified domain name, using 127.0.1.1 for ServerName
 ... waiting apache2: Could not reliably determine the server's fully qualified domain name, using 127.0.1.1 for ServerName
   ...done.
All settings correct for using Composer
Downloading 1.2.1...

Composer successfully installed to: /home/vagrant/composer.phar
Use it: php composer.phar
Reading package lists...
Building dependency tree...
Reading state information...
nodejs is already the newest version.
0 upgraded, 0 newly installed, 0 to remove and 183 not upgraded.
npm WARN deprecated minimatch@2.0.10: Please update to minimatch 3.0.2 or higher to avoid a RegExp DoS issue
npm WARN deprecated minimatch@0.2.14: Please update to minimatch 3.0.2 or higher to avoid a RegExp DoS issue
npm WARN deprecated graceful-fs@1.2.3: graceful-fs v3.0.0 and before will fail on node releases >= v7.0. Please update to graceful-fs@^4.0.0 as soon as possible. Use 'npm ls graceful-fs' to find it in the tree.
/usr/bin/bower -> /usr/lib/node_modules/bower/bin/bower
/usr/bin/gulp -> /usr/lib/node_modules/gulp/bin/gulp.js
/usr/lib
+-- bower@1.7.9 
`-- gulp@3.9.1 

